\BOOKMARK [1][-]{section.1}{Reference Material}{}% 1
\BOOKMARK [2][-]{subsection.1.1}{Table of Units}{section.1}% 2
\BOOKMARK [2][-]{subsection.1.2}{Table of Symbols}{section.1}% 3
\BOOKMARK [2][-]{subsection.1.3}{Abbreviations and Acronyms}{section.1}% 4
\BOOKMARK [1][-]{section.2}{Introduction}{}% 5
\BOOKMARK [2][-]{subsection.2.1}{Purpose of Document}{section.2}% 6
\BOOKMARK [2][-]{subsection.2.2}{Scope of Requirements}{section.2}% 7
\BOOKMARK [2][-]{subsection.2.3}{Characteristics of Intended Reader}{section.2}% 8
\BOOKMARK [2][-]{subsection.2.4}{Organization of Document}{section.2}% 9
\BOOKMARK [1][-]{section.3}{General System Description}{}% 10
\BOOKMARK [2][-]{subsection.3.1}{System Context}{section.3}% 11
\BOOKMARK [2][-]{subsection.3.2}{User Characteristics}{section.3}% 12
\BOOKMARK [2][-]{subsection.3.3}{System Constraints}{section.3}% 13
\BOOKMARK [1][-]{section.4}{Specific System Description}{}% 14
\BOOKMARK [2][-]{subsection.4.1}{Problem Description}{section.4}% 15
\BOOKMARK [3][-]{subsubsection.4.1.1}{Terminology and Definitions}{subsection.4.1}% 16
\BOOKMARK [3][-]{subsubsection.4.1.2}{Physical System Description}{subsection.4.1}% 17
\BOOKMARK [3][-]{subsubsection.4.1.3}{Goal Statements}{subsection.4.1}% 18
\BOOKMARK [2][-]{subsection.4.2}{Solution Characteristics Specification}{section.4}% 19
\BOOKMARK [3][-]{subsubsection.4.2.1}{Assumptions}{subsection.4.2}% 20
\BOOKMARK [3][-]{subsubsection.4.2.2}{Theoretical Models}{subsection.4.2}% 21
\BOOKMARK [3][-]{subsubsection.4.2.3}{General Definitions}{subsection.4.2}% 22
\BOOKMARK [3][-]{subsubsection.4.2.4}{Data Definitions}{subsection.4.2}% 23
\BOOKMARK [3][-]{subsubsection.4.2.5}{Instance Models}{subsection.4.2}% 24
\BOOKMARK [3][-]{subsubsection.4.2.6}{Data Constraints}{subsection.4.2}% 25
\BOOKMARK [1][-]{section.5}{Requirements}{}% 26
\BOOKMARK [2][-]{subsection.5.1}{Functional Requirements}{section.5}% 27
\BOOKMARK [2][-]{subsection.5.2}{Nonfunctional Requirements}{section.5}% 28
\BOOKMARK [1][-]{section.6}{Likely Changes}{}% 29
